Compiling the C compiler identification source file "CMakeCCompilerId.c" failed.
Compiler: CMAKE_C_COMPILER-NOTFOUND 
Build flags: 
Id flags:  

The output was:
The system cannot find the file specified


Compiling the C compiler identification source file "CMakeCCompilerId.c" failed.
Compiler: CMAKE_C_COMPILER-NOTFOUND 
Build flags: 
Id flags: -c 

The output was:
The system cannot find the file specified


Compiling the C compiler identification source file "CMakeCCompilerId.c" failed.
Compiler: CMAKE_C_COMPILER-NOTFOUND 
Build flags: 
Id flags: -Aa 

The output was:
The system cannot find the file specified


Compiling the C compiler identification source file "CMakeCCompilerId.c" failed.
Compiler: CMAKE_C_COMPILER-NOTFOUND 
Build flags: 
Id flags: -D__CLASSIC_C__ 

The output was:
The system cannot find the file specified


Compiling the C compiler identification source file "CMakeCCompilerId.c" failed.
Compiler: CMAKE_C_COMPILER-NOTFOUND 
Build flags: 
Id flags: --target=arm-arm-none-eabi;-mcpu=cortex-m3 

The output was:
The system cannot find the file specified


Compiling the C compiler identification source file "CMakeCCompilerId.c" failed.
Compiler: CMAKE_C_COMPILER-NOTFOUND 
Build flags: 
Id flags: -c;-I__does_not_exist__ 

The output was:
The system cannot find the file specified


Compiling the C compiler identification source file "CMakeCCompilerId.c" failed.
Compiler: CMAKE_C_COMPILER-NOTFOUND 
Build flags: 
Id flags:  

The output was:
The system cannot find the file specified


Compiling the C compiler identification source file "CMakeCCompilerId.c" failed.
Compiler: CMAKE_C_COMPILER-NOTFOUND 
Build flags: 
Id flags: -c 

The output was:
The system cannot find the file specified


Compiling the C compiler identification source file "CMakeCCompilerId.c" failed.
Compiler: CMAKE_C_COMPILER-NOTFOUND 
Build flags: 
Id flags: -Aa 

The output was:
The system cannot find the file specified


Compiling the C compiler identification source file "CMakeCCompilerId.c" failed.
Compiler: CMAKE_C_COMPILER-NOTFOUND 
Build flags: 
Id flags: -D__CLASSIC_C__ 

The output was:
The system cannot find the file specified


Compiling the C compiler identification source file "CMakeCCompilerId.c" failed.
Compiler: CMAKE_C_COMPILER-NOTFOUND 
Build flags: 
Id flags: --target=arm-arm-none-eabi;-mcpu=cortex-m3 

The output was:
The system cannot find the file specified


Compiling the C compiler identification source file "CMakeCCompilerId.c" failed.
Compiler: CMAKE_C_COMPILER-NOTFOUND 
Build flags: 
Id flags: -c;-I__does_not_exist__ 

The output was:
The system cannot find the file specified


Compiling the CXX compiler identification source file "CMakeCXXCompilerId.cpp" failed.
Compiler: CMAKE_CXX_COMPILER-NOTFOUND 
Build flags: 
Id flags:  

The output was:
The system cannot find the file specified


Compiling the CXX compiler identification source file "CMakeCXXCompilerId.cpp" failed.
Compiler: CMAKE_CXX_COMPILER-NOTFOUND 
Build flags: 
Id flags: -c 

The output was:
The system cannot find the file specified


Compiling the CXX compiler identification source file "CMakeCXXCompilerId.cpp" failed.
Compiler: CMAKE_CXX_COMPILER-NOTFOUND 
Build flags: 
Id flags: --c++ 

The output was:
The system cannot find the file specified


Compiling the CXX compiler identification source file "CMakeCXXCompilerId.cpp" failed.
Compiler: CMAKE_CXX_COMPILER-NOTFOUND 
Build flags: 
Id flags: --ec++ 

The output was:
The system cannot find the file specified


Compiling the CXX compiler identification source file "CMakeCXXCompilerId.cpp" failed.
Compiler: CMAKE_CXX_COMPILER-NOTFOUND 
Build flags: 
Id flags: --target=arm-arm-none-eabi;-mcpu=cortex-m3 

The output was:
The system cannot find the file specified


Compiling the CXX compiler identification source file "CMakeCXXCompilerId.cpp" failed.
Compiler: CMAKE_CXX_COMPILER-NOTFOUND 
Build flags: 
Id flags: -c;-I__does_not_exist__ 

The output was:
The system cannot find the file specified


Compiling the CXX compiler identification source file "CMakeCXXCompilerId.cpp" failed.
Compiler: CMAKE_CXX_COMPILER-NOTFOUND 
Build flags: 
Id flags:  

The output was:
The system cannot find the file specified


Compiling the CXX compiler identification source file "CMakeCXXCompilerId.cpp" failed.
Compiler: CMAKE_CXX_COMPILER-NOTFOUND 
Build flags: 
Id flags: -c 

The output was:
The system cannot find the file specified


Compiling the CXX compiler identification source file "CMakeCXXCompilerId.cpp" failed.
Compiler: CMAKE_CXX_COMPILER-NOTFOUND 
Build flags: 
Id flags: --c++ 

The output was:
The system cannot find the file specified


Compiling the CXX compiler identification source file "CMakeCXXCompilerId.cpp" failed.
Compiler: CMAKE_CXX_COMPILER-NOTFOUND 
Build flags: 
Id flags: --ec++ 

The output was:
The system cannot find the file specified


Compiling the CXX compiler identification source file "CMakeCXXCompilerId.cpp" failed.
Compiler: CMAKE_CXX_COMPILER-NOTFOUND 
Build flags: 
Id flags: --target=arm-arm-none-eabi;-mcpu=cortex-m3 

The output was:
The system cannot find the file specified


Compiling the CXX compiler identification source file "CMakeCXXCompilerId.cpp" failed.
Compiler: CMAKE_CXX_COMPILER-NOTFOUND 
Build flags: 
Id flags: -c;-I__does_not_exist__ 

The output was:
The system cannot find the file specified


Compiling the C compiler identification source file "CMakeCCompilerId.c" failed.
Compiler: CMAKE_C_COMPILER-NOTFOUND 
Build flags: 
Id flags:  

The output was:
The system cannot find the file specified


Compiling the C compiler identification source file "CMakeCCompilerId.c" failed.
Compiler: CMAKE_C_COMPILER-NOTFOUND 
Build flags: 
Id flags: -c 

The output was:
The system cannot find the file specified


Compiling the C compiler identification source file "CMakeCCompilerId.c" failed.
Compiler: CMAKE_C_COMPILER-NOTFOUND 
Build flags: 
Id flags: -Aa 

The output was:
The system cannot find the file specified


Compiling the C compiler identification source file "CMakeCCompilerId.c" failed.
Compiler: CMAKE_C_COMPILER-NOTFOUND 
Build flags: 
Id flags: -D__CLASSIC_C__ 

The output was:
The system cannot find the file specified


Compiling the C compiler identification source file "CMakeCCompilerId.c" failed.
Compiler: CMAKE_C_COMPILER-NOTFOUND 
Build flags: 
Id flags: --target=arm-arm-none-eabi;-mcpu=cortex-m3 

The output was:
The system cannot find the file specified


Compiling the C compiler identification source file "CMakeCCompilerId.c" failed.
Compiler: CMAKE_C_COMPILER-NOTFOUND 
Build flags: 
Id flags: -c;-I__does_not_exist__ 

The output was:
The system cannot find the file specified


Compiling the C compiler identification source file "CMakeCCompilerId.c" failed.
Compiler: CMAKE_C_COMPILER-NOTFOUND 
Build flags: 
Id flags:  

The output was:
The system cannot find the file specified


Compiling the C compiler identification source file "CMakeCCompilerId.c" failed.
Compiler: CMAKE_C_COMPILER-NOTFOUND 
Build flags: 
Id flags: -c 

The output was:
The system cannot find the file specified


Compiling the C compiler identification source file "CMakeCCompilerId.c" failed.
Compiler: CMAKE_C_COMPILER-NOTFOUND 
Build flags: 
Id flags: -Aa 

The output was:
The system cannot find the file specified


Compiling the C compiler identification source file "CMakeCCompilerId.c" failed.
Compiler: CMAKE_C_COMPILER-NOTFOUND 
Build flags: 
Id flags: -D__CLASSIC_C__ 

The output was:
The system cannot find the file specified


Compiling the C compiler identification source file "CMakeCCompilerId.c" failed.
Compiler: CMAKE_C_COMPILER-NOTFOUND 
Build flags: 
Id flags: --target=arm-arm-none-eabi;-mcpu=cortex-m3 

The output was:
The system cannot find the file specified


Compiling the C compiler identification source file "CMakeCCompilerId.c" failed.
Compiler: CMAKE_C_COMPILER-NOTFOUND 
Build flags: 
Id flags: -c;-I__does_not_exist__ 

The output was:
The system cannot find the file specified


Compiling the CXX compiler identification source file "CMakeCXXCompilerId.cpp" failed.
Compiler: CMAKE_CXX_COMPILER-NOTFOUND 
Build flags: 
Id flags:  

The output was:
The system cannot find the file specified


Compiling the CXX compiler identification source file "CMakeCXXCompilerId.cpp" failed.
Compiler: CMAKE_CXX_COMPILER-NOTFOUND 
Build flags: 
Id flags: -c 

The output was:
The system cannot find the file specified


Compiling the CXX compiler identification source file "CMakeCXXCompilerId.cpp" failed.
Compiler: CMAKE_CXX_COMPILER-NOTFOUND 
Build flags: 
Id flags: --c++ 

The output was:
The system cannot find the file specified


Compiling the CXX compiler identification source file "CMakeCXXCompilerId.cpp" failed.
Compiler: CMAKE_CXX_COMPILER-NOTFOUND 
Build flags: 
Id flags: --ec++ 

The output was:
The system cannot find the file specified


Compiling the CXX compiler identification source file "CMakeCXXCompilerId.cpp" failed.
Compiler: CMAKE_CXX_COMPILER-NOTFOUND 
Build flags: 
Id flags: --target=arm-arm-none-eabi;-mcpu=cortex-m3 

The output was:
The system cannot find the file specified


Compiling the CXX compiler identification source file "CMakeCXXCompilerId.cpp" failed.
Compiler: CMAKE_CXX_COMPILER-NOTFOUND 
Build flags: 
Id flags: -c;-I__does_not_exist__ 

The output was:
The system cannot find the file specified


Compiling the CXX compiler identification source file "CMakeCXXCompilerId.cpp" failed.
Compiler: CMAKE_CXX_COMPILER-NOTFOUND 
Build flags: 
Id flags:  

The output was:
The system cannot find the file specified


Compiling the CXX compiler identification source file "CMakeCXXCompilerId.cpp" failed.
Compiler: CMAKE_CXX_COMPILER-NOTFOUND 
Build flags: 
Id flags: -c 

The output was:
The system cannot find the file specified


Compiling the CXX compiler identification source file "CMakeCXXCompilerId.cpp" failed.
Compiler: CMAKE_CXX_COMPILER-NOTFOUND 
Build flags: 
Id flags: --c++ 

The output was:
The system cannot find the file specified


Compiling the CXX compiler identification source file "CMakeCXXCompilerId.cpp" failed.
Compiler: CMAKE_CXX_COMPILER-NOTFOUND 
Build flags: 
Id flags: --ec++ 

The output was:
The system cannot find the file specified


Compiling the CXX compiler identification source file "CMakeCXXCompilerId.cpp" failed.
Compiler: CMAKE_CXX_COMPILER-NOTFOUND 
Build flags: 
Id flags: --target=arm-arm-none-eabi;-mcpu=cortex-m3 

The output was:
The system cannot find the file specified


Compiling the CXX compiler identification source file "CMakeCXXCompilerId.cpp" failed.
Compiler: CMAKE_CXX_COMPILER-NOTFOUND 
Build flags: 
Id flags: -c;-I__does_not_exist__ 

The output was:
The system cannot find the file specified


Compiling the C compiler identification source file "CMakeCCompilerId.c" failed.
Compiler: CMAKE_C_COMPILER-NOTFOUND 
Build flags: 
Id flags:  

The output was:
The system cannot find the file specified


Compiling the C compiler identification source file "CMakeCCompilerId.c" failed.
Compiler: CMAKE_C_COMPILER-NOTFOUND 
Build flags: 
Id flags: -c 

The output was:
The system cannot find the file specified


Compiling the C compiler identification source file "CMakeCCompilerId.c" failed.
Compiler: CMAKE_C_COMPILER-NOTFOUND 
Build flags: 
Id flags: -Aa 

The output was:
The system cannot find the file specified


Compiling the C compiler identification source file "CMakeCCompilerId.c" failed.
Compiler: CMAKE_C_COMPILER-NOTFOUND 
Build flags: 
Id flags: -D__CLASSIC_C__ 

The output was:
The system cannot find the file specified


Compiling the C compiler identification source file "CMakeCCompilerId.c" failed.
Compiler: CMAKE_C_COMPILER-NOTFOUND 
Build flags: 
Id flags: --target=arm-arm-none-eabi;-mcpu=cortex-m3 

The output was:
The system cannot find the file specified


Compiling the C compiler identification source file "CMakeCCompilerId.c" failed.
Compiler: CMAKE_C_COMPILER-NOTFOUND 
Build flags: 
Id flags: -c;-I__does_not_exist__ 

The output was:
The system cannot find the file specified


Compiling the C compiler identification source file "CMakeCCompilerId.c" failed.
Compiler: CMAKE_C_COMPILER-NOTFOUND 
Build flags: 
Id flags:  

The output was:
The system cannot find the file specified


Compiling the C compiler identification source file "CMakeCCompilerId.c" failed.
Compiler: CMAKE_C_COMPILER-NOTFOUND 
Build flags: 
Id flags: -c 

The output was:
The system cannot find the file specified


Compiling the C compiler identification source file "CMakeCCompilerId.c" failed.
Compiler: CMAKE_C_COMPILER-NOTFOUND 
Build flags: 
Id flags: -Aa 

The output was:
The system cannot find the file specified


Compiling the C compiler identification source file "CMakeCCompilerId.c" failed.
Compiler: CMAKE_C_COMPILER-NOTFOUND 
Build flags: 
Id flags: -D__CLASSIC_C__ 

The output was:
The system cannot find the file specified


Compiling the C compiler identification source file "CMakeCCompilerId.c" failed.
Compiler: CMAKE_C_COMPILER-NOTFOUND 
Build flags: 
Id flags: --target=arm-arm-none-eabi;-mcpu=cortex-m3 

The output was:
The system cannot find the file specified


Compiling the C compiler identification source file "CMakeCCompilerId.c" failed.
Compiler: CMAKE_C_COMPILER-NOTFOUND 
Build flags: 
Id flags: -c;-I__does_not_exist__ 

The output was:
The system cannot find the file specified


Compiling the CXX compiler identification source file "CMakeCXXCompilerId.cpp" failed.
Compiler: CMAKE_CXX_COMPILER-NOTFOUND 
Build flags: 
Id flags:  

The output was:
The system cannot find the file specified


Compiling the CXX compiler identification source file "CMakeCXXCompilerId.cpp" failed.
Compiler: CMAKE_CXX_COMPILER-NOTFOUND 
Build flags: 
Id flags: -c 

The output was:
The system cannot find the file specified


Compiling the CXX compiler identification source file "CMakeCXXCompilerId.cpp" failed.
Compiler: CMAKE_CXX_COMPILER-NOTFOUND 
Build flags: 
Id flags: --c++ 

The output was:
The system cannot find the file specified


Compiling the CXX compiler identification source file "CMakeCXXCompilerId.cpp" failed.
Compiler: CMAKE_CXX_COMPILER-NOTFOUND 
Build flags: 
Id flags: --ec++ 

The output was:
The system cannot find the file specified


Compiling the CXX compiler identification source file "CMakeCXXCompilerId.cpp" failed.
Compiler: CMAKE_CXX_COMPILER-NOTFOUND 
Build flags: 
Id flags: --target=arm-arm-none-eabi;-mcpu=cortex-m3 

The output was:
The system cannot find the file specified


Compiling the CXX compiler identification source file "CMakeCXXCompilerId.cpp" failed.
Compiler: CMAKE_CXX_COMPILER-NOTFOUND 
Build flags: 
Id flags: -c;-I__does_not_exist__ 

The output was:
The system cannot find the file specified


Compiling the CXX compiler identification source file "CMakeCXXCompilerId.cpp" failed.
Compiler: CMAKE_CXX_COMPILER-NOTFOUND 
Build flags: 
Id flags:  

The output was:
The system cannot find the file specified


Compiling the CXX compiler identification source file "CMakeCXXCompilerId.cpp" failed.
Compiler: CMAKE_CXX_COMPILER-NOTFOUND 
Build flags: 
Id flags: -c 

The output was:
The system cannot find the file specified


Compiling the CXX compiler identification source file "CMakeCXXCompilerId.cpp" failed.
Compiler: CMAKE_CXX_COMPILER-NOTFOUND 
Build flags: 
Id flags: --c++ 

The output was:
The system cannot find the file specified


Compiling the CXX compiler identification source file "CMakeCXXCompilerId.cpp" failed.
Compiler: CMAKE_CXX_COMPILER-NOTFOUND 
Build flags: 
Id flags: --ec++ 

The output was:
The system cannot find the file specified


Compiling the CXX compiler identification source file "CMakeCXXCompilerId.cpp" failed.
Compiler: CMAKE_CXX_COMPILER-NOTFOUND 
Build flags: 
Id flags: --target=arm-arm-none-eabi;-mcpu=cortex-m3 

The output was:
The system cannot find the file specified


Compiling the CXX compiler identification source file "CMakeCXXCompilerId.cpp" failed.
Compiler: CMAKE_CXX_COMPILER-NOTFOUND 
Build flags: 
Id flags: -c;-I__does_not_exist__ 

The output was:
The system cannot find the file specified


Compiling the C compiler identification source file "CMakeCCompilerId.c" failed.
Compiler: CMAKE_C_COMPILER-NOTFOUND 
Build flags: 
Id flags:  

The output was:
The system cannot find the file specified


Compiling the C compiler identification source file "CMakeCCompilerId.c" failed.
Compiler: CMAKE_C_COMPILER-NOTFOUND 
Build flags: 
Id flags: -c 

The output was:
The system cannot find the file specified


Compiling the C compiler identification source file "CMakeCCompilerId.c" failed.
Compiler: CMAKE_C_COMPILER-NOTFOUND 
Build flags: 
Id flags: -Aa 

The output was:
The system cannot find the file specified


Compiling the C compiler identification source file "CMakeCCompilerId.c" failed.
Compiler: CMAKE_C_COMPILER-NOTFOUND 
Build flags: 
Id flags: -D__CLASSIC_C__ 

The output was:
The system cannot find the file specified


Compiling the C compiler identification source file "CMakeCCompilerId.c" failed.
Compiler: CMAKE_C_COMPILER-NOTFOUND 
Build flags: 
Id flags: --target=arm-arm-none-eabi;-mcpu=cortex-m3 

The output was:
The system cannot find the file specified


Compiling the C compiler identification source file "CMakeCCompilerId.c" failed.
Compiler: CMAKE_C_COMPILER-NOTFOUND 
Build flags: 
Id flags: -c;-I__does_not_exist__ 

The output was:
The system cannot find the file specified


Compiling the C compiler identification source file "CMakeCCompilerId.c" failed.
Compiler: CMAKE_C_COMPILER-NOTFOUND 
Build flags: 
Id flags:  

The output was:
The system cannot find the file specified


Compiling the C compiler identification source file "CMakeCCompilerId.c" failed.
Compiler: CMAKE_C_COMPILER-NOTFOUND 
Build flags: 
Id flags: -c 

The output was:
The system cannot find the file specified


Compiling the C compiler identification source file "CMakeCCompilerId.c" failed.
Compiler: CMAKE_C_COMPILER-NOTFOUND 
Build flags: 
Id flags: -Aa 

The output was:
The system cannot find the file specified


Compiling the C compiler identification source file "CMakeCCompilerId.c" failed.
Compiler: CMAKE_C_COMPILER-NOTFOUND 
Build flags: 
Id flags: -D__CLASSIC_C__ 

The output was:
The system cannot find the file specified


Compiling the C compiler identification source file "CMakeCCompilerId.c" failed.
Compiler: CMAKE_C_COMPILER-NOTFOUND 
Build flags: 
Id flags: --target=arm-arm-none-eabi;-mcpu=cortex-m3 

The output was:
The system cannot find the file specified


Compiling the C compiler identification source file "CMakeCCompilerId.c" failed.
Compiler: CMAKE_C_COMPILER-NOTFOUND 
Build flags: 
Id flags: -c;-I__does_not_exist__ 

The output was:
The system cannot find the file specified


Compiling the CXX compiler identification source file "CMakeCXXCompilerId.cpp" failed.
Compiler: CMAKE_CXX_COMPILER-NOTFOUND 
Build flags: 
Id flags:  

The output was:
The system cannot find the file specified


Compiling the CXX compiler identification source file "CMakeCXXCompilerId.cpp" failed.
Compiler: CMAKE_CXX_COMPILER-NOTFOUND 
Build flags: 
Id flags: -c 

The output was:
The system cannot find the file specified


Compiling the CXX compiler identification source file "CMakeCXXCompilerId.cpp" failed.
Compiler: CMAKE_CXX_COMPILER-NOTFOUND 
Build flags: 
Id flags: --c++ 

The output was:
The system cannot find the file specified


Compiling the CXX compiler identification source file "CMakeCXXCompilerId.cpp" failed.
Compiler: CMAKE_CXX_COMPILER-NOTFOUND 
Build flags: 
Id flags: --ec++ 

The output was:
The system cannot find the file specified


Compiling the CXX compiler identification source file "CMakeCXXCompilerId.cpp" failed.
Compiler: CMAKE_CXX_COMPILER-NOTFOUND 
Build flags: 
Id flags: --target=arm-arm-none-eabi;-mcpu=cortex-m3 

The output was:
The system cannot find the file specified


Compiling the CXX compiler identification source file "CMakeCXXCompilerId.cpp" failed.
Compiler: CMAKE_CXX_COMPILER-NOTFOUND 
Build flags: 
Id flags: -c;-I__does_not_exist__ 

The output was:
The system cannot find the file specified


Compiling the CXX compiler identification source file "CMakeCXXCompilerId.cpp" failed.
Compiler: CMAKE_CXX_COMPILER-NOTFOUND 
Build flags: 
Id flags:  

The output was:
The system cannot find the file specified


Compiling the CXX compiler identification source file "CMakeCXXCompilerId.cpp" failed.
Compiler: CMAKE_CXX_COMPILER-NOTFOUND 
Build flags: 
Id flags: -c 

The output was:
The system cannot find the file specified


Compiling the CXX compiler identification source file "CMakeCXXCompilerId.cpp" failed.
Compiler: CMAKE_CXX_COMPILER-NOTFOUND 
Build flags: 
Id flags: --c++ 

The output was:
The system cannot find the file specified


Compiling the CXX compiler identification source file "CMakeCXXCompilerId.cpp" failed.
Compiler: CMAKE_CXX_COMPILER-NOTFOUND 
Build flags: 
Id flags: --ec++ 

The output was:
The system cannot find the file specified


Compiling the CXX compiler identification source file "CMakeCXXCompilerId.cpp" failed.
Compiler: CMAKE_CXX_COMPILER-NOTFOUND 
Build flags: 
Id flags: --target=arm-arm-none-eabi;-mcpu=cortex-m3 

The output was:
The system cannot find the file specified


Compiling the CXX compiler identification source file "CMakeCXXCompilerId.cpp" failed.
Compiler: CMAKE_CXX_COMPILER-NOTFOUND 
Build flags: 
Id flags: -c;-I__does_not_exist__ 

The output was:
The system cannot find the file specified


Compiling the C compiler identification source file "CMakeCCompilerId.c" failed.
Compiler: CMAKE_C_COMPILER-NOTFOUND 
Build flags: 
Id flags:  

The output was:
The system cannot find the file specified


Compiling the C compiler identification source file "CMakeCCompilerId.c" failed.
Compiler: CMAKE_C_COMPILER-NOTFOUND 
Build flags: 
Id flags: -c 

The output was:
The system cannot find the file specified


Compiling the C compiler identification source file "CMakeCCompilerId.c" failed.
Compiler: CMAKE_C_COMPILER-NOTFOUND 
Build flags: 
Id flags: -Aa 

The output was:
The system cannot find the file specified


Compiling the C compiler identification source file "CMakeCCompilerId.c" failed.
Compiler: CMAKE_C_COMPILER-NOTFOUND 
Build flags: 
Id flags: -D__CLASSIC_C__ 

The output was:
The system cannot find the file specified


Compiling the C compiler identification source file "CMakeCCompilerId.c" failed.
Compiler: CMAKE_C_COMPILER-NOTFOUND 
Build flags: 
Id flags: --target=arm-arm-none-eabi;-mcpu=cortex-m3 

The output was:
The system cannot find the file specified


Compiling the C compiler identification source file "CMakeCCompilerId.c" failed.
Compiler: CMAKE_C_COMPILER-NOTFOUND 
Build flags: 
Id flags: -c;-I__does_not_exist__ 

The output was:
The system cannot find the file specified


Compiling the C compiler identification source file "CMakeCCompilerId.c" failed.
Compiler: CMAKE_C_COMPILER-NOTFOUND 
Build flags: 
Id flags:  

The output was:
The system cannot find the file specified


Compiling the C compiler identification source file "CMakeCCompilerId.c" failed.
Compiler: CMAKE_C_COMPILER-NOTFOUND 
Build flags: 
Id flags: -c 

The output was:
The system cannot find the file specified


Compiling the C compiler identification source file "CMakeCCompilerId.c" failed.
Compiler: CMAKE_C_COMPILER-NOTFOUND 
Build flags: 
Id flags: -Aa 

The output was:
The system cannot find the file specified


Compiling the C compiler identification source file "CMakeCCompilerId.c" failed.
Compiler: CMAKE_C_COMPILER-NOTFOUND 
Build flags: 
Id flags: -D__CLASSIC_C__ 

The output was:
The system cannot find the file specified


Compiling the C compiler identification source file "CMakeCCompilerId.c" failed.
Compiler: CMAKE_C_COMPILER-NOTFOUND 
Build flags: 
Id flags: --target=arm-arm-none-eabi;-mcpu=cortex-m3 

The output was:
The system cannot find the file specified


Compiling the C compiler identification source file "CMakeCCompilerId.c" failed.
Compiler: CMAKE_C_COMPILER-NOTFOUND 
Build flags: 
Id flags: -c;-I__does_not_exist__ 

The output was:
The system cannot find the file specified


Compiling the CXX compiler identification source file "CMakeCXXCompilerId.cpp" failed.
Compiler: CMAKE_CXX_COMPILER-NOTFOUND 
Build flags: 
Id flags:  

The output was:
The system cannot find the file specified


Compiling the CXX compiler identification source file "CMakeCXXCompilerId.cpp" failed.
Compiler: CMAKE_CXX_COMPILER-NOTFOUND 
Build flags: 
Id flags: -c 

The output was:
The system cannot find the file specified


Compiling the CXX compiler identification source file "CMakeCXXCompilerId.cpp" failed.
Compiler: CMAKE_CXX_COMPILER-NOTFOUND 
Build flags: 
Id flags: --c++ 

The output was:
The system cannot find the file specified


Compiling the CXX compiler identification source file "CMakeCXXCompilerId.cpp" failed.
Compiler: CMAKE_CXX_COMPILER-NOTFOUND 
Build flags: 
Id flags: --ec++ 

The output was:
The system cannot find the file specified


Compiling the CXX compiler identification source file "CMakeCXXCompilerId.cpp" failed.
Compiler: CMAKE_CXX_COMPILER-NOTFOUND 
Build flags: 
Id flags: --target=arm-arm-none-eabi;-mcpu=cortex-m3 

The output was:
The system cannot find the file specified


Compiling the CXX compiler identification source file "CMakeCXXCompilerId.cpp" failed.
Compiler: CMAKE_CXX_COMPILER-NOTFOUND 
Build flags: 
Id flags: -c;-I__does_not_exist__ 

The output was:
The system cannot find the file specified


Compiling the CXX compiler identification source file "CMakeCXXCompilerId.cpp" failed.
Compiler: CMAKE_CXX_COMPILER-NOTFOUND 
Build flags: 
Id flags:  

The output was:
The system cannot find the file specified


Compiling the CXX compiler identification source file "CMakeCXXCompilerId.cpp" failed.
Compiler: CMAKE_CXX_COMPILER-NOTFOUND 
Build flags: 
Id flags: -c 

The output was:
The system cannot find the file specified


Compiling the CXX compiler identification source file "CMakeCXXCompilerId.cpp" failed.
Compiler: CMAKE_CXX_COMPILER-NOTFOUND 
Build flags: 
Id flags: --c++ 

The output was:
The system cannot find the file specified


Compiling the CXX compiler identification source file "CMakeCXXCompilerId.cpp" failed.
Compiler: CMAKE_CXX_COMPILER-NOTFOUND 
Build flags: 
Id flags: --ec++ 

The output was:
The system cannot find the file specified


Compiling the CXX compiler identification source file "CMakeCXXCompilerId.cpp" failed.
Compiler: CMAKE_CXX_COMPILER-NOTFOUND 
Build flags: 
Id flags: --target=arm-arm-none-eabi;-mcpu=cortex-m3 

The output was:
The system cannot find the file specified


Compiling the CXX compiler identification source file "CMakeCXXCompilerId.cpp" failed.
Compiler: CMAKE_CXX_COMPILER-NOTFOUND 
Build flags: 
Id flags: -c;-I__does_not_exist__ 

The output was:
The system cannot find the file specified


Compiling the C compiler identification source file "CMakeCCompilerId.c" failed.
Compiler: CMAKE_C_COMPILER-NOTFOUND 
Build flags: 
Id flags:  

The output was:
The system cannot find the file specified


Compiling the C compiler identification source file "CMakeCCompilerId.c" failed.
Compiler: CMAKE_C_COMPILER-NOTFOUND 
Build flags: 
Id flags: -c 

The output was:
The system cannot find the file specified


Compiling the C compiler identification source file "CMakeCCompilerId.c" failed.
Compiler: CMAKE_C_COMPILER-NOTFOUND 
Build flags: 
Id flags: -Aa 

The output was:
The system cannot find the file specified


Compiling the C compiler identification source file "CMakeCCompilerId.c" failed.
Compiler: CMAKE_C_COMPILER-NOTFOUND 
Build flags: 
Id flags: -D__CLASSIC_C__ 

The output was:
The system cannot find the file specified


Compiling the C compiler identification source file "CMakeCCompilerId.c" failed.
Compiler: CMAKE_C_COMPILER-NOTFOUND 
Build flags: 
Id flags: --target=arm-arm-none-eabi;-mcpu=cortex-m3 

The output was:
The system cannot find the file specified


Compiling the C compiler identification source file "CMakeCCompilerId.c" failed.
Compiler: CMAKE_C_COMPILER-NOTFOUND 
Build flags: 
Id flags: -c;-I__does_not_exist__ 

The output was:
The system cannot find the file specified


Compiling the C compiler identification source file "CMakeCCompilerId.c" failed.
Compiler: CMAKE_C_COMPILER-NOTFOUND 
Build flags: 
Id flags:  

The output was:
The system cannot find the file specified


Compiling the C compiler identification source file "CMakeCCompilerId.c" failed.
Compiler: CMAKE_C_COMPILER-NOTFOUND 
Build flags: 
Id flags: -c 

The output was:
The system cannot find the file specified


Compiling the C compiler identification source file "CMakeCCompilerId.c" failed.
Compiler: CMAKE_C_COMPILER-NOTFOUND 
Build flags: 
Id flags: -Aa 

The output was:
The system cannot find the file specified


Compiling the C compiler identification source file "CMakeCCompilerId.c" failed.
Compiler: CMAKE_C_COMPILER-NOTFOUND 
Build flags: 
Id flags: -D__CLASSIC_C__ 

The output was:
The system cannot find the file specified


Compiling the C compiler identification source file "CMakeCCompilerId.c" failed.
Compiler: CMAKE_C_COMPILER-NOTFOUND 
Build flags: 
Id flags: --target=arm-arm-none-eabi;-mcpu=cortex-m3 

The output was:
The system cannot find the file specified


Compiling the C compiler identification source file "CMakeCCompilerId.c" failed.
Compiler: CMAKE_C_COMPILER-NOTFOUND 
Build flags: 
Id flags: -c;-I__does_not_exist__ 

The output was:
The system cannot find the file specified


Compiling the CXX compiler identification source file "CMakeCXXCompilerId.cpp" failed.
Compiler: CMAKE_CXX_COMPILER-NOTFOUND 
Build flags: 
Id flags:  

The output was:
The system cannot find the file specified


Compiling the CXX compiler identification source file "CMakeCXXCompilerId.cpp" failed.
Compiler: CMAKE_CXX_COMPILER-NOTFOUND 
Build flags: 
Id flags: -c 

The output was:
The system cannot find the file specified


Compiling the CXX compiler identification source file "CMakeCXXCompilerId.cpp" failed.
Compiler: CMAKE_CXX_COMPILER-NOTFOUND 
Build flags: 
Id flags: --c++ 

The output was:
The system cannot find the file specified


Compiling the CXX compiler identification source file "CMakeCXXCompilerId.cpp" failed.
Compiler: CMAKE_CXX_COMPILER-NOTFOUND 
Build flags: 
Id flags: --ec++ 

The output was:
The system cannot find the file specified


Compiling the CXX compiler identification source file "CMakeCXXCompilerId.cpp" failed.
Compiler: CMAKE_CXX_COMPILER-NOTFOUND 
Build flags: 
Id flags: --target=arm-arm-none-eabi;-mcpu=cortex-m3 

The output was:
The system cannot find the file specified


Compiling the CXX compiler identification source file "CMakeCXXCompilerId.cpp" failed.
Compiler: CMAKE_CXX_COMPILER-NOTFOUND 
Build flags: 
Id flags: -c;-I__does_not_exist__ 

The output was:
The system cannot find the file specified


Compiling the CXX compiler identification source file "CMakeCXXCompilerId.cpp" failed.
Compiler: CMAKE_CXX_COMPILER-NOTFOUND 
Build flags: 
Id flags:  

The output was:
The system cannot find the file specified


Compiling the CXX compiler identification source file "CMakeCXXCompilerId.cpp" failed.
Compiler: CMAKE_CXX_COMPILER-NOTFOUND 
Build flags: 
Id flags: -c 

The output was:
The system cannot find the file specified


Compiling the CXX compiler identification source file "CMakeCXXCompilerId.cpp" failed.
Compiler: CMAKE_CXX_COMPILER-NOTFOUND 
Build flags: 
Id flags: --c++ 

The output was:
The system cannot find the file specified


Compiling the CXX compiler identification source file "CMakeCXXCompilerId.cpp" failed.
Compiler: CMAKE_CXX_COMPILER-NOTFOUND 
Build flags: 
Id flags: --ec++ 

The output was:
The system cannot find the file specified


Compiling the CXX compiler identification source file "CMakeCXXCompilerId.cpp" failed.
Compiler: CMAKE_CXX_COMPILER-NOTFOUND 
Build flags: 
Id flags: --target=arm-arm-none-eabi;-mcpu=cortex-m3 

The output was:
The system cannot find the file specified


Compiling the CXX compiler identification source file "CMakeCXXCompilerId.cpp" failed.
Compiler: CMAKE_CXX_COMPILER-NOTFOUND 
Build flags: 
Id flags: -c;-I__does_not_exist__ 

The output was:
The system cannot find the file specified


Performing C++ SOURCE FILE Test COMPILER_SUPPORTS_CXX11 failed with the following output:
Change Dir: C:/UofT/CSC317/Assignments/A1-computer-graphics-raster-images/out/build/x64-Debug/CMakeFiles/CMakeTmp

Run Build Command(s):C:/Program Files/Microsoft Visual Studio/2022/Community/Common7/IDE/CommonExtensions/Microsoft/CMake/Ninja/ninja.exe cmTC_0236e && [1/2] Building CXX object CMakeFiles\cmTC_0236e.dir\src.cxx.obj
cl : Command line warning D9002 : ignoring unknown option '-std=c++11'
[2/2] Linking CXX executable cmTC_0236e.exe


Source file was:
int main() { return 0; }
Performing C++ SOURCE FILE Test COMPILER_SUPPORTS_CXX0X failed with the following output:
Change Dir: C:/UofT/CSC317/Assignments/A1-computer-graphics-raster-images/out/build/x64-Debug/CMakeFiles/CMakeTmp

Run Build Command(s):C:/Program Files/Microsoft Visual Studio/2022/Community/Common7/IDE/CommonExtensions/Microsoft/CMake/Ninja/ninja.exe cmTC_d5cb2 && [1/2] Building CXX object CMakeFiles\cmTC_d5cb2.dir\src.cxx.obj
cl : Command line warning D9002 : ignoring unknown option '-std=c++0x'
[2/2] Linking CXX executable cmTC_d5cb2.exe


Source file was:
int main() { return 0; }
